<?xml version="1.0" encoding="UTF-8"?>
<testng-results skipped="0" failed="0" ignored="0" total="1" passed="1">
  <reporter-output>
  </reporter-output>
  <suite name="Surefire suite" duration-ms="213" started-at="2020-04-17T14:55:47 IST" finished-at="2020-04-17T14:55:47 IST">
    <groups>
    </groups>
    <test name="Surefire test" duration-ms="213" started-at="2020-04-17T14:55:47 IST" finished-at="2020-04-17T14:55:47 IST">
      <class name="HDFC_RRP.BorrowerCreation.AppTest">
        <test-method status="PASS" signature="shouldAnswerWithTrue()" name="shouldAnswerWithTrue" duration-ms="29" started-at="2020-04-17T14:55:47 IST" finished-at="2020-04-17T14:55:47 IST">
          <reporter-output>
          </reporter-output>
        </test-method> <!-- shouldAnswerWithTrue -->
      </class> <!-- HDFC_RRP.BorrowerCreation.AppTest -->
    </test> <!-- Surefire test -->
  </suite> <!-- Surefire suite -->
</testng-results>
